<?xml version="1.0" encoding="UTF-8"?>
<testng-results ignored="0" total="2" passed="2" failed="0" skipped="0">
  <reporter-output>
  </reporter-output>
  <suite started-at="2025-01-24T16:20:50 IST" name="Default suite" finished-at="2025-01-24T16:21:25 IST" duration-ms="35344">
    <groups>
    </groups>
    <test started-at="2025-01-24T16:20:50 IST" name="Default test" finished-at="2025-01-24T16:21:25 IST" duration-ms="35344">
      <class name="com.terotam.TeroTam.Ladakibahin">
        <test-method is-config="true" signature="setup()[pri:0, instance:com.terotam.TeroTam.Ladakibahin@c730b35]" started-at="2025-01-24T16:20:50 IST" name="setup" finished-at="2025-01-24T16:20:53 IST" duration-ms="2938" status="PASS">
          <reporter-output>
          </reporter-output>
        </test-method> <!-- setup -->
        <test-method signature="login()[pri:0, instance:com.terotam.TeroTam.Ladakibahin@c730b35]" started-at="2025-01-24T16:20:53 IST" name="login" finished-at="2025-01-24T16:21:25 IST" duration-ms="32047" status="PASS">
          <reporter-output>
          </reporter-output>
        </test-method> <!-- login -->
        <test-method signature="login2()[pri:0, instance:com.terotam.TeroTam.Ladakibahin@c730b35]" started-at="2025-01-24T16:21:25 IST" name="login2" finished-at="2025-01-24T16:21:25 IST" duration-ms="2" status="PASS">
          <reporter-output>
          </reporter-output>
        </test-method> <!-- login2 -->
        <test-method is-config="true" signature="Quite()[pri:0, instance:com.terotam.TeroTam.Ladakibahin@c730b35]" started-at="2025-01-24T16:21:25 IST" name="Quite" finished-at="2025-01-24T16:21:25 IST" duration-ms="277" status="PASS">
          <reporter-output>
          </reporter-output>
        </test-method> <!-- Quite -->
      </class> <!-- com.terotam.TeroTam.Ladakibahin -->
    </test> <!-- Default test -->
  </suite> <!-- Default suite -->
</testng-results>
